{"contracts/DeliveryManager.sol":{"l":{"53":26,"57":11,"58":11,"59":9,"63":1,"64":1,"65":1,"83":26,"84":26,"86":26,"103":26,"115":26,"116":26,"117":26,"134":9,"135":9,"152":10,"156":4,"160":3,"164":4,"168":3,"169":3,"173":7,"174":7,"175":7,"176":7,"177":7,"179":7,"183":5,"184":5,"185":5,"186":5,"190":1,"191":1,"195":3,"196":3,"200":4,"201":2,"202":2,"203":1,"205":2,"209":5,"213":59,"227":26,"244":14,"248":7,"252":5,"256":2,"260":2,"261":1,"262":1,"264":1,"265":1,"267":2,"269":2,"273":1,"274":1,"275":1,"276":1,"277":1,"278":1,"282":1,"283":1,"284":1,"285":1},"path":"/Users/olivierriccini/code/projects/decentralized-delivery-app/decentralized-delivery-truffle/contracts/DeliveryManager.sol","s":{"1":26,"2":11,"3":11,"4":1,"5":1,"6":26,"7":26,"8":26,"9":26,"10":26,"11":26,"12":26,"13":9,"14":9,"15":10,"16":4,"17":3,"18":4,"19":3,"20":3,"21":7,"22":7,"23":7,"24":7,"25":7,"26":7,"27":5,"28":5,"29":5,"30":5,"31":1,"32":1,"33":3,"34":3,"35":4,"36":2,"37":2,"38":1,"39":2,"40":5,"41":59,"42":26,"43":14,"44":7,"45":5,"46":2,"47":2,"48":1,"49":1,"50":1,"51":1,"52":2,"53":2,"54":1,"55":1,"56":1,"57":1,"58":1,"59":1,"60":1,"61":1,"62":1,"63":1},"b":{"1":[9,2],"2":[1,0],"3":[7,0],"4":[5,0],"5":[2,2],"6":[1,1],"7":[1,1]},"f":{"1":26,"2":11,"3":1,"4":26,"5":9,"6":10,"7":4,"8":3,"9":4,"10":3,"11":7,"12":5,"13":1,"14":3,"15":4,"16":5,"17":59,"18":26,"19":14,"20":7,"21":5,"22":2,"23":2,"24":1,"25":1},"fnMap":{"1":{"name":"constructor","line":52,"loc":{"start":{"line":52,"column":4},"end":{"line":52,"column":22}}},"2":{"name":"onlyDeliveryCreator","line":56,"loc":{"start":{"line":56,"column":4},"end":{"line":56,"column":53}}},"3":{"name":"onlyDeliveryReceiver","line":62,"loc":{"start":{"line":62,"column":4},"end":{"line":62,"column":54}}},"4":{"name":"createDelivery","line":68,"loc":{"start":{"line":68,"column":4},"end":{"line":81,"column":18}}},"5":{"name":"getDelivery","line":120,"loc":{"start":{"line":120,"column":4},"end":{"line":133,"column":7}}},"6":{"name":"getDeliveryHash","line":151,"loc":{"start":{"line":151,"column":4},"end":{"line":151,"column":69}}},"7":{"name":"getDeliveryCount","line":155,"loc":{"start":{"line":155,"column":4},"end":{"line":155,"column":56}}},"8":{"name":"getCommissionRateForDelivery","line":159,"loc":{"start":{"line":159,"column":4},"end":{"line":159,"column":89}}},"9":{"name":"doesDeliveryExist","line":163,"loc":{"start":{"line":163,"column":4},"end":{"line":163,"column":78}}},"10":{"name":"getUser","line":167,"loc":{"start":{"line":167,"column":4},"end":{"line":167,"column":108}}},"11":{"name":"applyToDelivery","line":172,"loc":{"start":{"line":172,"column":4},"end":{"line":172,"column":138}}},"12":{"name":"startDelivery","line":182,"loc":{"start":{"line":182,"column":4},"end":{"line":182,"column":97}}},"13":{"name":"signReceip","line":189,"loc":{"start":{"line":189,"column":4},"end":{"line":189,"column":87}}},"14":{"name":"changeCommissionRate","line":194,"loc":{"start":{"line":194,"column":4},"end":{"line":194,"column":65}}},"15":{"name":"triggerIsOverTime","line":199,"loc":{"start":{"line":199,"column":4},"end":{"line":199,"column":101}}},"16":{"name":"getCommissionRate","line":208,"loc":{"start":{"line":208,"column":4},"end":{"line":208,"column":57}}},"17":{"name":"_addUser","line":212,"loc":{"start":{"line":212,"column":4},"end":{"line":212,"column":92}}},"18":{"name":"_generateDeliveryHash","line":216,"loc":{"start":{"line":216,"column":4},"end":{"line":226,"column":38}}},"19":{"name":"_changeDeliveryState","line":243,"loc":{"start":{"line":243,"column":4},"end":{"line":243,"column":87}}},"20":{"name":"_assignCourier","line":247,"loc":{"start":{"line":247,"column":4},"end":{"line":247,"column":82}}},"21":{"name":"_addStartTime","line":251,"loc":{"start":{"line":251,"column":4},"end":{"line":251,"column":55}}},"22":{"name":"_addEndTime","line":255,"loc":{"start":{"line":255,"column":4},"end":{"line":255,"column":53}}},"23":{"name":"_endDelivery","line":259,"loc":{"start":{"line":259,"column":4},"end":{"line":259,"column":72}}},"24":{"name":"_payCourier","line":272,"loc":{"start":{"line":272,"column":4},"end":{"line":272,"column":53}}},"25":{"name":"_cashDeposit","line":281,"loc":{"start":{"line":281,"column":4},"end":{"line":281,"column":54}}}},"statementMap":{"1":{"start":{"line":53,"column":8},"end":{"line":53,"column":26}},"2":{"start":{"line":57,"column":8},"end":{"line":57,"column":67}},"3":{"start":{"line":58,"column":8},"end":{"line":58,"column":107}},"4":{"start":{"line":63,"column":8},"end":{"line":63,"column":70}},"5":{"start":{"line":64,"column":8},"end":{"line":64,"column":109}},"6":{"start":{"line":83,"column":8},"end":{"line":83,"column":68}},"7":{"start":{"line":84,"column":8},"end":{"line":84,"column":83}},"8":{"start":{"line":86,"column":8},"end":{"line":86,"column":2477}},"9":{"start":{"line":103,"column":8},"end":{"line":103,"column":2903}},"10":{"start":{"line":115,"column":8},"end":{"line":115,"column":43}},"11":{"start":{"line":116,"column":8},"end":{"line":116,"column":40}},"12":{"start":{"line":117,"column":8},"end":{"line":117,"column":42}},"13":{"start":{"line":134,"column":8},"end":{"line":134,"column":61}},"14":{"start":{"line":135,"column":8},"end":{"line":135,"column":3860}},"15":{"start":{"line":152,"column":8},"end":{"line":152,"column":37}},"16":{"start":{"line":156,"column":8},"end":{"line":156,"column":36}},"17":{"start":{"line":160,"column":8},"end":{"line":160,"column":55}},"18":{"start":{"line":164,"column":8},"end":{"line":164,"column":47}},"19":{"start":{"line":168,"column":8},"end":{"line":168,"column":49}},"20":{"start":{"line":169,"column":8},"end":{"line":169,"column":50}},"21":{"start":{"line":173,"column":8},"end":{"line":173,"column":111}},"22":{"start":{"line":174,"column":8},"end":{"line":174,"column":48}},"23":{"start":{"line":175,"column":8},"end":{"line":175,"column":78}},"24":{"start":{"line":176,"column":8},"end":{"line":176,"column":73}},"25":{"start":{"line":177,"column":8},"end":{"line":177,"column":49}},"26":{"start":{"line":179,"column":8},"end":{"line":179,"column":63}},"27":{"start":{"line":183,"column":8},"end":{"line":183,"column":103}},"28":{"start":{"line":184,"column":8},"end":{"line":184,"column":65}},"29":{"start":{"line":185,"column":8},"end":{"line":185,"column":35}},"30":{"start":{"line":186,"column":8},"end":{"line":186,"column":80}},"31":{"start":{"line":190,"column":8},"end":{"line":190,"column":41}},"32":{"start":{"line":191,"column":8},"end":{"line":191,"column":76}},"33":{"start":{"line":195,"column":8},"end":{"line":195,"column":32}},"34":{"start":{"line":196,"column":8},"end":{"line":196,"column":44}},"35":{"start":{"line":200,"column":8},"end":{"line":200,"column":88}},"36":{"start":{"line":201,"column":8},"end":{"line":201,"column":78}},"37":{"start":{"line":202,"column":8},"end":{"line":202,"column":6673}},"38":{"start":{"line":203,"column":12},"end":{"line":203,"column":44}},"39":{"start":{"line":205,"column":8},"end":{"line":205,"column":37}},"40":{"start":{"line":209,"column":8},"end":{"line":209,"column":29}},"41":{"start":{"line":213,"column":8},"end":{"line":213,"column":52}},"42":{"start":{"line":227,"column":8},"end":{"line":227,"column":7385}},"43":{"start":{"line":244,"column":8},"end":{"line":244,"column":50}},"44":{"start":{"line":248,"column":8},"end":{"line":248,"column":51}},"45":{"start":{"line":252,"column":8},"end":{"line":252,"column":48}},"46":{"start":{"line":256,"column":8},"end":{"line":256,"column":46}},"47":{"start":{"line":260,"column":8},"end":{"line":260,"column":8372}},"48":{"start":{"line":261,"column":12},"end":{"line":261,"column":38}},"49":{"start":{"line":262,"column":12},"end":{"line":262,"column":76}},"50":{"start":{"line":264,"column":12},"end":{"line":264,"column":37}},"51":{"start":{"line":265,"column":12},"end":{"line":265,"column":67}},"52":{"start":{"line":267,"column":8},"end":{"line":267,"column":33}},"53":{"start":{"line":269,"column":8},"end":{"line":269,"column":76}},"54":{"start":{"line":273,"column":8},"end":{"line":273,"column":68}},"55":{"start":{"line":274,"column":8},"end":{"line":274,"column":55}},"56":{"start":{"line":275,"column":8},"end":{"line":275,"column":70}},"57":{"start":{"line":276,"column":8},"end":{"line":276,"column":62}},"58":{"start":{"line":277,"column":8},"end":{"line":277,"column":92}},"59":{"start":{"line":278,"column":8},"end":{"line":278,"column":48}},"60":{"start":{"line":282,"column":8},"end":{"line":282,"column":66}},"61":{"start":{"line":283,"column":8},"end":{"line":283,"column":55}},"62":{"start":{"line":284,"column":8},"end":{"line":284,"column":87}},"63":{"start":{"line":285,"column":8},"end":{"line":285,"column":47}}},"branchMap":{"1":{"line":58,"type":"if","locations":[{"start":{"line":58,"column":8},"end":{"line":58,"column":8}},{"start":{"line":58,"column":8},"end":{"line":58,"column":8}}]},"2":{"line":64,"type":"if","locations":[{"start":{"line":64,"column":8},"end":{"line":64,"column":8}},{"start":{"line":64,"column":8},"end":{"line":64,"column":8}}]},"3":{"line":173,"type":"if","locations":[{"start":{"line":173,"column":8},"end":{"line":173,"column":8}},{"start":{"line":173,"column":8},"end":{"line":173,"column":8}}]},"4":{"line":183,"type":"if","locations":[{"start":{"line":183,"column":8},"end":{"line":183,"column":8}},{"start":{"line":183,"column":8},"end":{"line":183,"column":8}}]},"5":{"line":200,"type":"if","locations":[{"start":{"line":200,"column":8},"end":{"line":200,"column":8}},{"start":{"line":200,"column":8},"end":{"line":200,"column":8}}]},"6":{"line":202,"type":"if","locations":[{"start":{"line":202,"column":8},"end":{"line":202,"column":8}},{"start":{"line":202,"column":8},"end":{"line":202,"column":8}}]},"7":{"line":260,"type":"if","locations":[{"start":{"line":260,"column":8},"end":{"line":260,"column":8}},{"start":{"line":260,"column":8},"end":{"line":260,"column":8}}]}}}}